Copyright 1986-2018 Xilinx, Inc. All Rights Reserved.
-------------------------------------------------------------------------------------------------------------------------------------------------------
| Tool Version : Vivado v.2018.2_AR71275_op (lin64) Build 2258646 Thu Jun 14 20:02:38 MDT 2018
| Date         : Tue Jan 29 03:55:39 2019
| Host         : ip-172-31-16-7.ec2.internal running 64-bit CentOS Linux release 7.6.1810 (Core)
| Command      : report_sdx_utilization -kernels { vadd_vadd:WRAPPER_INST/CL/vadd_1/inst:vadd_1} -file kernel_util_placed.rpt -name kernel_util_placed
| Design       : top_sp
| Device       : xcvu9p
| Design State : Fully Placed
-------------------------------------------------------------------------------------------------------------------------------------------------------

SDx Utilization Design Information

Table of Contents
-----------------
1. SDx System Utilization

1. SDx System Utilization
-------------------------

+---------------------+-------------------+------------------+-------------------+----------------+---------------+----------------+
| Name                | LUT               | LUTMem           | REG               | BRAM           | URAM          | DSP            |
+---------------------+-------------------+------------------+-------------------+----------------+---------------+----------------+
| Platform            |  157734 [ 13.35%] |  14365 [  2.43%] |  223850 [  9.47%] |  214 [  9.91%] |  43 [  4.48%] |    3 [  0.04%] |
| User Budget         | 1024034 [100.00%] | 577475 [100.00%] | 2139686 [100.00%] | 1946 [100.00%] | 917 [100.00%] | 6837 [100.00%] |
|    Used Resources   |    3791 [  0.37%] |    423 [  0.07%] |    9164 [  0.43%] |   30 [  1.54%] |   0 [  0.00%] |    0 [  0.00%] |
|    Unused Resources | 1020243 [ 99.63%] | 577052 [ 99.93%] | 2130522 [ 99.57%] | 1916 [ 98.46%] | 917 [100.00%] | 6837 [100.00%] |
| vadd_vadd           |    3791 [  0.37%] |    423 [  0.07%] |    9164 [  0.43%] |   30 [  1.54%] |   0 [  0.00%] |    0 [  0.00%] |
|    vadd_1           |    3791 [  0.37%] |    423 [  0.07%] |    9164 [  0.43%] |   30 [  1.54%] |   0 [  0.00%] |    0 [  0.00%] |
+---------------------+-------------------+------------------+-------------------+----------------+---------------+----------------+


